<?xml version="1.0" encoding="UTF-8"?>
<!-- Generated by org.testng.reporters.JUnitReportReporter -->
<testsuite hostname="DESKTOP-1FLJ5D9" failures="0" tests="1" name="Codes" time="8.818" errors="0" timestamp="2023-03-28T09:29:13 IST" skipped="0">
  <testcase classname="Codes" name="linkTest" time="8.818"/>
  <system-out/>
</testsuite> <!-- Codes -->
