<?xml version="1.0" encoding="UTF-8"?>
<!-- Generated by org.testng.reporters.JUnitReportReporter -->
<testsuite hostname="DESKTOP-1FLJ5D9" failures="0" tests="5" name="saucedemo.E2ETestCase" time="1.243" errors="0" timestamp="2023-05-09T15:45:15 IST" skipped="0">
  <testcase classname="saucedemo.E2ETestCase" name="login" time="0.508"/>
  <system-out/>
  <testcase classname="saucedemo.E2ETestCase" name="totalCountOfProducts" time="0.157"/>
  <system-out/>
  <testcase classname="saucedemo.E2ETestCase" name="verifyButtonVisibility" time="0.281"/>
  <system-out/>
  <testcase classname="saucedemo.E2ETestCase" name="clickOnSpecificProduct" time="0.092"/>
  <system-out/>
  <testcase classname="saucedemo.E2ETestCase" name="clickonCartIcon_VerifySpecificProduct" time="0.205"/>
  <system-out/>
</testsuite> <!-- saucedemo.E2ETestCase -->
